[ 2019-02-20T10:14:00+08:00 ] 192.168.1.100 /Data/UploadFiles/product/20170428/1493342431423135.jpg
NOTIC: [8] Use of undefined constant SHOW_PAGE_TRACE - assumed 'SHOW_PAGE_TRACE' C:\UPUPW_ANK_W64\WebRoot\Vhosts\xioachengxu\App\Common\Conf\debug.php 第 4 行.
INFO: [ app_init ] --START--
INFO: Run Behavior\BuildLiteBehavior [ RunTime:0.000016s ]
INFO: [ app_init ] --END-- [ RunTime:0.000062s ]
ERR: 无法加载模块:Data

[ 2019-02-20T10:14:00+08:00 ] 192.168.1.100 /Data/UploadFiles/product/20170506/1494037725840566.jpg
NOTIC: [8] Use of undefined constant SHOW_PAGE_TRACE - assumed 'SHOW_PAGE_TRACE' C:\UPUPW_ANK_W64\WebRoot\Vhosts\xioachengxu\App\Common\Conf\debug.php 第 4 行.
INFO: [ app_init ] --START--
INFO: Run Behavior\BuildLiteBehavior [ RunTime:0.000012s ]
INFO: [ app_init ] --END-- [ RunTime:0.000060s ]
ERR: 无法加载模块:Data

[ 2019-02-20T10:16:03+08:00 ] 192.168.1.100 /index.php/ztb/productZBT/GetCollectCategoryList
NOTIC: [8] Use of undefined constant SHOW_PAGE_TRACE - assumed 'SHOW_PAGE_TRACE' C:\UPUPW_ANK_W64\WebRoot\Vhosts\xioachengxu\App\Common\Conf\debug.php 第 4 行.
INFO: [ app_init ] --START--
INFO: Run Behavior\BuildLiteBehavior [ RunTime:0.000012s ]
INFO: [ app_init ] --END-- [ RunTime:0.000046s ]
ERR: 无法加载模块:Ztb

[ 2019-02-20T10:16:04+08:00 ] 192.168.1.100 /index.php/ztb/productZBT/GetCollectCategoryList
NOTIC: [8] Use of undefined constant SHOW_PAGE_TRACE - assumed 'SHOW_PAGE_TRACE' C:\UPUPW_ANK_W64\WebRoot\Vhosts\xioachengxu\App\Common\Conf\debug.php 第 4 行.
INFO: [ app_init ] --START--
INFO: Run Behavior\BuildLiteBehavior [ RunTime:0.000008s ]
INFO: [ app_init ] --END-- [ RunTime:0.000041s ]
ERR: 无法加载模块:Ztb

[ 2019-02-20T10:16:17+08:00 ] 192.168.1.100 /index.php/ztb/productZBT/GetCollectCategoryList
NOTIC: [8] Use of undefined constant SHOW_PAGE_TRACE - assumed 'SHOW_PAGE_TRACE' C:\UPUPW_ANK_W64\WebRoot\Vhosts\xioachengxu\App\Common\Conf\debug.php 第 4 行.
INFO: [ app_init ] --START--
INFO: Run Behavior\BuildLiteBehavior [ RunTime:0.000015s ]
INFO: [ app_init ] --END-- [ RunTime:0.000053s ]
ERR: 无法加载模块:Ztb

[ 2019-02-20T10:16:18+08:00 ] 192.168.1.100 /index.php/ztb/productZBT/GetCollectCategoryList
NOTIC: [8] Use of undefined constant SHOW_PAGE_TRACE - assumed 'SHOW_PAGE_TRACE' C:\UPUPW_ANK_W64\WebRoot\Vhosts\xioachengxu\App\Common\Conf\debug.php 第 4 行.
INFO: [ app_init ] --START--
INFO: Run Behavior\BuildLiteBehavior [ RunTime:0.000009s ]
INFO: [ app_init ] --END-- [ RunTime:0.000042s ]
ERR: 无法加载模块:Ztb

[ 2019-02-20T10:16:25+08:00 ] 192.168.1.100 /index.phpztb/productZBT/RemoveCollectCategory
NOTIC: [8] Use of undefined constant SHOW_PAGE_TRACE - assumed 'SHOW_PAGE_TRACE' C:\UPUPW_ANK_W64\WebRoot\Vhosts\xioachengxu\App\Common\Conf\debug.php 第 4 行.
INFO: [ app_init ] --START--
INFO: Run Behavior\BuildLiteBehavior [ RunTime:0.000010s ]
INFO: [ app_init ] --END-- [ RunTime:0.000046s ]
ERR: 无法加载模块:Index.phpztb

[ 2019-02-20T10:37:55+08:00 ] 192.168.1.6 /favicon.ico
NOTIC: [8] Use of undefined constant SHOW_PAGE_TRACE - assumed 'SHOW_PAGE_TRACE' C:\UPUPW_ANK_W64\WebRoot\Vhosts\xioachengxu\App\Common\Conf\debug.php 第 4 行.
INFO: [ app_init ] --START--
INFO: Run Behavior\BuildLiteBehavior [ RunTime:0.000011s ]
INFO: [ app_init ] --END-- [ RunTime:0.000046s ]
ERR: 无法加载模块:Favicon

[ 2019-02-20T10:39:59+08:00 ] 192.168.1.100 /favicon.ico
NOTIC: [8] Use of undefined constant SHOW_PAGE_TRACE - assumed 'SHOW_PAGE_TRACE' C:\UPUPW_ANK_W64\WebRoot\Vhosts\xioachengxu\App\Common\Conf\debug.php 第 4 行.
INFO: [ app_init ] --START--
INFO: Run Behavior\BuildLiteBehavior [ RunTime:0.000016s ]
INFO: [ app_init ] --END-- [ RunTime:0.000063s ]
ERR: 无法加载模块:Favicon

[ 2019-02-20T11:19:35+08:00 ] 192.168.1.100 /Data/UploadFiles/product/20170428/1493342431423135.jpg
NOTIC: [8] Use of undefined constant SHOW_PAGE_TRACE - assumed 'SHOW_PAGE_TRACE' C:\UPUPW_ANK_W64\WebRoot\Vhosts\xioachengxu\App\Common\Conf\debug.php 第 4 行.
INFO: [ app_init ] --START--
INFO: Run Behavior\BuildLiteBehavior [ RunTime:0.000013s ]
INFO: [ app_init ] --END-- [ RunTime:0.000048s ]
ERR: 无法加载模块:Data

[ 2019-02-20T11:19:36+08:00 ] 192.168.1.100 /Data/UploadFiles/product/20170506/1494037725840566.jpg
NOTIC: [8] Use of undefined constant SHOW_PAGE_TRACE - assumed 'SHOW_PAGE_TRACE' C:\UPUPW_ANK_W64\WebRoot\Vhosts\xioachengxu\App\Common\Conf\debug.php 第 4 行.
INFO: [ app_init ] --START--
INFO: Run Behavior\BuildLiteBehavior [ RunTime:0.000010s ]
INFO: [ app_init ] --END-- [ RunTime:0.000044s ]
ERR: 无法加载模块:Data

[ 2019-02-20T16:15:23+08:00 ] 192.168.1.100 /index.php/Activity/index
NOTIC: [8] Use of undefined constant SHOW_PAGE_TRACE - assumed 'SHOW_PAGE_TRACE' C:\UPUPW_ANK_W64\WebRoot\Vhosts\xioachengxu\App\Common\Conf\debug.php 第 4 行.
INFO: [ app_init ] --START--
INFO: Run Behavior\BuildLiteBehavior [ RunTime:0.000014s ]
INFO: [ app_init ] --END-- [ RunTime:0.000056s ]
ERR: 无法加载模块:Activity

[ 2019-02-20T19:04:19+08:00 ] 192.168.1.100 /favicon.ico
NOTIC: [8] Use of undefined constant SHOW_PAGE_TRACE - assumed 'SHOW_PAGE_TRACE' C:\UPUPW_ANK_W64\WebRoot\Vhosts\xioachengxu\App\Common\Conf\debug.php 第 4 行.
INFO: [ app_init ] --START--
INFO: Run Behavior\BuildLiteBehavior [ RunTime:0.000012s ]
INFO: [ app_init ] --END-- [ RunTime:0.000049s ]
ERR: 无法加载模块:Favicon

[ 2019-02-20T21:45:45+08:00 ] 192.168.1.100 /favicon.ico
NOTIC: [8] Use of undefined constant SHOW_PAGE_TRACE - assumed 'SHOW_PAGE_TRACE' C:\UPUPW_ANK_W64\WebRoot\Vhosts\xioachengxu\App\Common\Conf\debug.php 第 4 行.
INFO: [ app_init ] --START--
INFO: Run Behavior\BuildLiteBehavior [ RunTime:0.000014s ]
INFO: [ app_init ] --END-- [ RunTime:0.000086s ]
ERR: 无法加载模块:Favicon

[ 2019-02-20T21:45:50+08:00 ] 192.168.1.100 /favicon.ico
NOTIC: [8] Use of undefined constant SHOW_PAGE_TRACE - assumed 'SHOW_PAGE_TRACE' C:\UPUPW_ANK_W64\WebRoot\Vhosts\xioachengxu\App\Common\Conf\debug.php 第 4 行.
INFO: [ app_init ] --START--
INFO: Run Behavior\BuildLiteBehavior [ RunTime:0.000009s ]
INFO: [ app_init ] --END-- [ RunTime:0.000041s ]
ERR: 无法加载模块:Favicon

[ 2019-02-20T21:45:57+08:00 ] 192.168.1.100 /favicon.ico
NOTIC: [8] Use of undefined constant SHOW_PAGE_TRACE - assumed 'SHOW_PAGE_TRACE' C:\UPUPW_ANK_W64\WebRoot\Vhosts\xioachengxu\App\Common\Conf\debug.php 第 4 行.
INFO: [ app_init ] --START--
INFO: Run Behavior\BuildLiteBehavior [ RunTime:0.000012s ]
INFO: [ app_init ] --END-- [ RunTime:0.000053s ]
ERR: 无法加载模块:Favicon

