[ 2019-02-24T11:24:22+08:00 ] 192.168.1.100 /favicon.ico
NOTIC: [8] Use of undefined constant SHOW_PAGE_TRACE - assumed 'SHOW_PAGE_TRACE' C:\UPUPW_ANK_W64\WebRoot\Vhosts\xioachengxu\App\Common\Conf\debug.php 第 4 行.
INFO: [ app_init ] --START--
INFO: Run Behavior\BuildLiteBehavior [ RunTime:0.000017s ]
INFO: [ app_init ] --END-- [ RunTime:0.000100s ]
ERR: 无法加载模块:Favicon

[ 2019-02-24T13:08:01+08:00 ] 192.168.1.100 /favicon.ico
NOTIC: [8] Use of undefined constant SHOW_PAGE_TRACE - assumed 'SHOW_PAGE_TRACE' C:\UPUPW_ANK_W64\WebRoot\Vhosts\xioachengxu\App\Common\Conf\debug.php 第 4 行.
INFO: [ app_init ] --START--
INFO: Run Behavior\BuildLiteBehavior [ RunTime:0.000011s ]
INFO: [ app_init ] --END-- [ RunTime:0.000051s ]
ERR: 无法加载模块:Favicon

[ 2019-02-24T13:59:26+08:00 ] 192.168.1.6 /albert/11.html
NOTIC: [8] Use of undefined constant SHOW_PAGE_TRACE - assumed 'SHOW_PAGE_TRACE' C:\UPUPW_ANK_W64\WebRoot\Vhosts\xioachengxu\App\Common\Conf\debug.php 第 4 行.
INFO: [ app_init ] --START--
INFO: Run Behavior\BuildLiteBehavior [ RunTime:0.000011s ]
INFO: [ app_init ] --END-- [ RunTime:0.000060s ]
ERR: 无法加载模块:Albert

[ 2019-02-24T13:59:26+08:00 ] 192.168.1.6 /favicon.ico
NOTIC: [8] Use of undefined constant SHOW_PAGE_TRACE - assumed 'SHOW_PAGE_TRACE' C:\UPUPW_ANK_W64\WebRoot\Vhosts\xioachengxu\App\Common\Conf\debug.php 第 4 行.
INFO: [ app_init ] --START--
INFO: Run Behavior\BuildLiteBehavior [ RunTime:0.000009s ]
INFO: [ app_init ] --END-- [ RunTime:0.000044s ]
ERR: 无法加载模块:Favicon

[ 2019-02-24T14:00:49+08:00 ] 192.168.1.6 /albert/11.html
NOTIC: [8] Use of undefined constant SHOW_PAGE_TRACE - assumed 'SHOW_PAGE_TRACE' C:\UPUPW_ANK_W64\WebRoot\Vhosts\xioachengxu\App\Common\Conf\debug.php 第 4 行.
INFO: [ app_init ] --START--
INFO: Run Behavior\BuildLiteBehavior [ RunTime:0.000009s ]
INFO: [ app_init ] --END-- [ RunTime:0.000055s ]
ERR: 无法加载模块:Albert

[ 2019-02-24T14:37:11+08:00 ] 192.168.1.100 /favicon.ico
NOTIC: [8] Use of undefined constant SHOW_PAGE_TRACE - assumed 'SHOW_PAGE_TRACE' C:\UPUPW_ANK_W64\WebRoot\Vhosts\xioachengxu\App\Common\Conf\debug.php 第 4 行.
INFO: [ app_init ] --START--
INFO: Run Behavior\BuildLiteBehavior [ RunTime:0.000012s ]
INFO: [ app_init ] --END-- [ RunTime:0.000056s ]
ERR: 无法加载模块:Favicon

[ 2019-02-24T17:56:40+08:00 ] 192.168.1.100 /index.php/?g=Api&m=Goods&a=detail&goods_id=9
NOTIC: [8] Use of undefined constant SHOW_PAGE_TRACE - assumed 'SHOW_PAGE_TRACE' C:\UPUPW_ANK_W64\WebRoot\Vhosts\xioachengxu\App\Common\Conf\debug.php 第 4 行.
INFO: [ app_init ] --START--
INFO: Run Behavior\BuildLiteBehavior [ RunTime:0.000013s ]
INFO: [ app_init ] --END-- [ RunTime:0.000061s ]
ERR: 无法加载模块:Goods

[ 2019-02-24T17:56:40+08:00 ] 192.168.1.100 /index.php//?g=api&m=WeApp&a=login&code=001s56r62sHRSQ0dRQt620k7r62s56rO
NOTIC: [8] Use of undefined constant SHOW_PAGE_TRACE - assumed 'SHOW_PAGE_TRACE' C:\UPUPW_ANK_W64\WebRoot\Vhosts\xioachengxu\App\Common\Conf\debug.php 第 4 行.
INFO: [ app_init ] --START--
INFO: Run Behavior\BuildLiteBehavior [ RunTime:0.000009s ]
INFO: [ app_init ] --END-- [ RunTime:0.000042s ]
ERR: 无法加载模块:WeApp

[ 2019-02-24T17:56:43+08:00 ] 192.168.1.100 /index.php/?g=Api&m=Project&a=shippingBanner
NOTIC: [8] Use of undefined constant SHOW_PAGE_TRACE - assumed 'SHOW_PAGE_TRACE' C:\UPUPW_ANK_W64\WebRoot\Vhosts\xioachengxu\App\Common\Conf\debug.php 第 4 行.
INFO: [ app_init ] --START--
INFO: Run Behavior\BuildLiteBehavior [ RunTime:0.000010s ]
INFO: [ app_init ] --END-- [ RunTime:0.000045s ]
ERR: 无法加载模块:Project

[ 2019-02-24T17:56:44+08:00 ] 192.168.1.100 /index.php/?g=Api&m=Weuser&a=addresses&token=
NOTIC: [8] Use of undefined constant SHOW_PAGE_TRACE - assumed 'SHOW_PAGE_TRACE' C:\UPUPW_ANK_W64\WebRoot\Vhosts\xioachengxu\App\Common\Conf\debug.php 第 4 行.
INFO: [ app_init ] --START--
INFO: Run Behavior\BuildLiteBehavior [ RunTime:0.000008s ]
INFO: [ app_init ] --END-- [ RunTime:0.000042s ]
ERR: 无法加载模块:Weuser

[ 2019-02-24T17:56:44+08:00 ] 192.168.1.100 /index.php/?g=Api&m=Goods&a=detail&goods_id=9
NOTIC: [8] Use of undefined constant SHOW_PAGE_TRACE - assumed 'SHOW_PAGE_TRACE' C:\UPUPW_ANK_W64\WebRoot\Vhosts\xioachengxu\App\Common\Conf\debug.php 第 4 行.
INFO: [ app_init ] --START--
INFO: Run Behavior\BuildLiteBehavior [ RunTime:0.000008s ]
INFO: [ app_init ] --END-- [ RunTime:0.000050s ]
ERR: 无法加载模块:Goods

